<?xml version="1.0" encoding="UTF-8"?>
<!-- Generated by org.testng.reporters.JUnitReportReporter -->
<testsuite hostname="RST8" failures="0" tests="1" name="tyielClass.window" time="43.848" errors="0" timestamp="2021-09-16T11:45:10 IST" skipped="0">
  <testcase classname="tyielClass.window" name="flipcartWindowHandel" time="43.848"/>
  <system-out/>
</testsuite> <!-- tyielClass.window -->
