<?xml version="1.0" encoding="UTF-8"?>
<!-- Generated by org.testng.reporters.JUnitReportReporter -->
<testsuite hostname="RST8" failures="0" tests="1" name="tyielClass.State" time="3.024" errors="0" timestamp="2021-09-13T11:21:36 IST" skipped="0">
  <testcase classname="tyielClass.State" name="state" time="3.024"/>
  <system-out/>
</testsuite> <!-- tyielClass.State -->
