<?xml version="1.0" encoding="UTF-8"?>
<!-- Generated by org.testng.reporters.JUnitReportReporter -->
<testsuite hostname="RST8" failures="0" tests="1" name="tyielClass.CPset1" time="10.407" errors="0" timestamp="2021-09-14T15:14:26 IST" skipped="0">
  <testcase classname="tyielClass.CPset1" name="CPsetTest1" time="10.407"/>
  <system-out/>
</testsuite> <!-- tyielClass.CPset1 -->
