<?xml version="1.0" encoding="UTF-8"?>
<!-- Generated by org.testng.reporters.JUnitReportReporter -->
<testsuite hostname="RST8" failures="0" tests="1" name="tyielClass.tttt" time="1.009" errors="0" timestamp="2021-06-22T12:39:58 IST" skipped="0">
  <testcase classname="tyielClass.tttt" name="t" time="1.009"/>
  <system-out/>
</testsuite> <!-- tyielClass.tttt -->
