<?xml version="1.0" encoding="UTF-8"?>
<!-- Generated by org.testng.reporters.JUnitReportReporter -->
<testsuite hostname="RST8" failures="0" tests="1" name="testScripts.TC_003_SearchProduct" time="12.497" errors="0" timestamp="2021-09-11T12:44:15 IST" skipped="0">
  <testcase classname="testScripts.TC_003_SearchProduct" name="searchTest" time="12.497"/>
  <system-out/>
</testsuite> <!-- testScripts.TC_003_SearchProduct -->
