<?xml version="1.0" encoding="UTF-8"?>
<!-- Generated by org.testng.reporters.JUnitReportReporter -->
<testsuite hostname="RST8" failures="0" tests="1" name="cPSetTest.KeyBoard_Robot_Events" time="6.491" errors="0" timestamp="2021-09-15T14:12:30 IST" skipped="0">
  <testcase classname="cPSetTest.KeyBoard_Robot_Events" name="test" time="6.491"/>
  <system-out/>
</testsuite> <!-- cPSetTest.KeyBoard_Robot_Events -->
