<?xml version="1.0" encoding="UTF-8"?>
<!-- Generated by org.testng.reporters.JUnitReportReporter -->
<testsuite hostname="RST8" failures="0" tests="1" name="testScripts.TC_001_Registration" time="25.331" errors="0" timestamp="2021-09-13T11:50:23 IST" skipped="0">
  <testcase classname="testScripts.TC_001_Registration" name="Registration" time="25.331"/>
  <system-out/>
</testsuite> <!-- testScripts.TC_001_Registration -->
