<?xml version="1.0" encoding="UTF-8"?>
<!-- Generated by org.testng.reporters.JUnitReportReporter -->
<testsuite hostname="RST8" failures="0" tests="1" name="cPSetTest.AlertPresent" time="2.772" errors="0" timestamp="2021-09-28T12:49:36 IST" skipped="0">
  <testcase classname="cPSetTest.AlertPresent" name="alertTest" time="2.772"/>
  <system-out/>
</testsuite> <!-- cPSetTest.AlertPresent -->
